mode: atomic
github.com/nelsonlpco/reversepolish/reversepolish.go:12.58,19.46 5 4
github.com/nelsonlpco/reversepolish/reversepolish.go:39.2,39.29 1 4
github.com/nelsonlpco/reversepolish/reversepolish.go:19.46,20.28 1 28
github.com/nelsonlpco/reversepolish/reversepolish.go:20.28,22.4 1 16
github.com/nelsonlpco/reversepolish/reversepolish.go:22.9,26.19 3 12
github.com/nelsonlpco/reversepolish/reversepolish.go:27.13,28.31 1 3
github.com/nelsonlpco/reversepolish/reversepolish.go:29.13,30.31 1 1
github.com/nelsonlpco/reversepolish/reversepolish.go:31.13,32.31 1 6
github.com/nelsonlpco/reversepolish/reversepolish.go:33.13,34.31 1 2
github.com/nelsonlpco/reversepolish/reversepolish.go:42.41,44.2 1 5
github.com/nelsonlpco/reversepolish/reversepolish.go:46.80,51.47 4 8
github.com/nelsonlpco/reversepolish/reversepolish.go:72.2,72.33 1 8
github.com/nelsonlpco/reversepolish/reversepolish.go:76.2,76.46 1 8
github.com/nelsonlpco/reversepolish/reversepolish.go:51.47,52.28 1 64
github.com/nelsonlpco/reversepolish/reversepolish.go:52.28,54.4 1 32
github.com/nelsonlpco/reversepolish/reversepolish.go:54.9,54.36 1 32
github.com/nelsonlpco/reversepolish/reversepolish.go:54.36,57.113 2 28
github.com/nelsonlpco/reversepolish/reversepolish.go:62.4,62.97 1 28
github.com/nelsonlpco/reversepolish/reversepolish.go:57.113,60.5 2 4
github.com/nelsonlpco/reversepolish/reversepolish.go:63.9,63.28 1 4
github.com/nelsonlpco/reversepolish/reversepolish.go:63.28,65.28 2 4
github.com/nelsonlpco/reversepolish/reversepolish.go:65.28,68.5 2 4
github.com/nelsonlpco/reversepolish/reversepolish.go:72.33,74.3 1 16
github.com/nelsonlpco/reversepolish/internal/domain/hashmap.go:12.46,13.30 1 4
github.com/nelsonlpco/reversepolish/internal/domain/hashmap.go:13.30,15.3 1 1
github.com/nelsonlpco/reversepolish/internal/domain/hashmap.go:15.8,17.17 2 3
github.com/nelsonlpco/reversepolish/internal/domain/hashmap.go:21.3,21.25 1 2
github.com/nelsonlpco/reversepolish/internal/domain/hashmap.go:17.17,19.4 1 1
github.com/nelsonlpco/reversepolish/internal/domain/hashmap.go:25.45,34.80 6 7
github.com/nelsonlpco/reversepolish/internal/domain/hashmap.go:45.2,45.25 1 7
github.com/nelsonlpco/reversepolish/internal/domain/hashmap.go:49.2,49.33 1 7
github.com/nelsonlpco/reversepolish/internal/domain/hashmap.go:34.80,36.50 2 109
github.com/nelsonlpco/reversepolish/internal/domain/hashmap.go:36.50,38.4 1 69
github.com/nelsonlpco/reversepolish/internal/domain/hashmap.go:38.9,38.33 1 40
github.com/nelsonlpco/reversepolish/internal/domain/hashmap.go:38.33,42.4 3 33
github.com/nelsonlpco/reversepolish/internal/domain/hashmap.go:45.25,47.3 1 2
github.com/nelsonlpco/reversepolish/internal/domain/stack.go:8.33,10.2 1 5
github.com/nelsonlpco/reversepolish/internal/domain/stack.go:12.29,14.2 1 1
github.com/nelsonlpco/reversepolish/internal/domain/stack.go:16.41,18.2 1 4
github.com/nelsonlpco/reversepolish/internal/domain/stack.go:20.36,23.2 2 9
github.com/nelsonlpco/reversepolish/internal/domain/stack.go:25.28,32.2 4 3
github.com/nelsonlpco/reversepolish/internal/domain/element.go:11.38,12.31 1 9
github.com/nelsonlpco/reversepolish/internal/domain/element.go:18.2,18.14 1 4
github.com/nelsonlpco/reversepolish/internal/domain/element.go:12.31,13.14 1 35
github.com/nelsonlpco/reversepolish/internal/domain/element.go:13.14,15.4 1 5
github.com/nelsonlpco/reversepolish/internal/domain/element.go:21.37,23.2 1 14
github.com/nelsonlpco/reversepolish/internal/domain/element.go:25.59,26.17 1 6
github.com/nelsonlpco/reversepolish/internal/domain/element.go:34.2,34.53 1 1
github.com/nelsonlpco/reversepolish/internal/domain/element.go:27.11,28.16 1 1
github.com/nelsonlpco/reversepolish/internal/domain/element.go:29.16,30.16 1 2
github.com/nelsonlpco/reversepolish/internal/domain/element.go:31.16,32.16 1 2
github.com/nelsonlpco/reversepolish/internal/domain/expression.go:14.41,16.2 1 1
github.com/nelsonlpco/reversepolish/internal/domain/expression.go:18.44,20.2 1 1
github.com/nelsonlpco/reversepolish/internal/domain/expression.go:22.40,24.2 1 1
github.com/nelsonlpco/reversepolish/internal/domain/expression.go:26.51,32.2 1 2
github.com/nelsonlpco/reversepolish/internal/domain/expression.go:34.54,40.44 5 2
github.com/nelsonlpco/reversepolish/internal/domain/expression.go:53.2,53.40 1 2
github.com/nelsonlpco/reversepolish/internal/domain/expression.go:40.44,41.50 1 24
github.com/nelsonlpco/reversepolish/internal/domain/expression.go:41.50,44.4 2 10
github.com/nelsonlpco/reversepolish/internal/domain/expression.go:44.9,45.17 1 14
github.com/nelsonlpco/reversepolish/internal/domain/expression.go:49.4,49.19 1 14
github.com/nelsonlpco/reversepolish/internal/domain/expression.go:45.17,48.5 2 10
